<?xml version="1.0" encoding="UTF-8"?>
<robot generator="Robot 5.0 (Python 3.8.3 on win32)" generated="20220407 17:28:59.809" rpa="false" schemaversion="3">
<suite id="s1" name="Shopping" source="G:\RobobticFramework\Tests\Flipkart\FunctionalTestSuite\shopping.robot">
<test id="s1-t1" name="Google test case" line="9">
<kw name="start test case">
<kw name="Open Browser" library="SeleniumLibrary">
<arg>${url}</arg>
<arg>chrome</arg>
<doc>Opens a new browser instance to the optional ``url``.</doc>
<msg timestamp="20220407 17:29:00.341" level="INFO">Opening browser 'chrome' to base url 'https://www.google.com/'.</msg>
<status status="PASS" starttime="20220407 17:29:00.340" endtime="20220407 17:29:04.409"/>
</kw>
<kw name="Maximize Browser Window" library="SeleniumLibrary">
<doc>Maximizes current browser window.</doc>
<status status="PASS" starttime="20220407 17:29:04.410" endtime="20220407 17:29:04.536"/>
</kw>
<status status="PASS" starttime="20220407 17:29:00.339" endtime="20220407 17:29:04.537"/>
</kw>
<kw name="search data">
<kw name="Input Text" library="SeleniumLibrary">
<arg>name:q</arg>
<arg>${search_parameter}</arg>
<doc>Types the given ``text`` into the text field identified by ``locator``.</doc>
<msg timestamp="20220407 17:29:04.539" level="INFO">Typing text 'flipkart' into text field 'name:q'.</msg>
<status status="PASS" starttime="20220407 17:29:04.538" endtime="20220407 17:29:04.741"/>
</kw>
<status status="PASS" starttime="20220407 17:29:04.538" endtime="20220407 17:29:04.743"/>
</kw>
<kw name="Submit Form" library="SeleniumLibrary">
<doc>Submits a form identified by ``locator``.</doc>
<msg timestamp="20220407 17:29:04.744" level="INFO">Submitting form 'None'.</msg>
<status status="PASS" starttime="20220407 17:29:04.744" endtime="20220407 17:29:08.192"/>
</kw>
<kw name="Click Element" library="SeleniumLibrary">
<arg>class:LC20lb</arg>
<doc>Click the element identified by ``locator``.</doc>
<msg timestamp="20220407 17:29:08.193" level="INFO">Clicking element 'class:LC20lb'.</msg>
<status status="PASS" starttime="20220407 17:29:08.193" endtime="20220407 17:29:10.549"/>
</kw>
<doc>it is simple google search test</doc>
<tag>google</tag>
<status status="PASS" starttime="20220407 17:29:00.338" endtime="20220407 17:29:10.551"/>
</test>
<test id="s1-t2" name="Flipkart product search" line="17">
<kw name="Sleep" library="BuiltIn">
<arg>2s</arg>
<doc>Pauses the test executed for the given time.</doc>
<msg timestamp="20220407 17:29:12.564" level="INFO">Slept 2 seconds</msg>
<status status="PASS" starttime="20220407 17:29:10.562" endtime="20220407 17:29:12.564"/>
</kw>
<kw name="Click Button" library="SeleniumLibrary">
<arg>class:_2KpZ6l</arg>
<doc>Clicks the button identified by ``locator``.</doc>
<msg timestamp="20220407 17:29:12.565" level="INFO">Clicking button 'class:_2KpZ6l'.</msg>
<status status="PASS" starttime="20220407 17:29:12.565" endtime="20220407 17:29:12.828"/>
</kw>
<kw name="flipkart search">
<kw name="Input Text" library="SeleniumLibrary">
<arg>name:q</arg>
<arg>iphone13</arg>
<doc>Types the given ``text`` into the text field identified by ``locator``.</doc>
<msg timestamp="20220407 17:29:12.833" level="INFO">Typing text 'iphone13' into text field 'name:q'.</msg>
<status status="PASS" starttime="20220407 17:29:12.832" endtime="20220407 17:29:13.112"/>
</kw>
<kw name="Click Button" library="SeleniumLibrary">
<arg>class:L0Z3Pu</arg>
<doc>Clicks the button identified by ``locator``.</doc>
<msg timestamp="20220407 17:29:13.113" level="INFO">Clicking button 'class:L0Z3Pu'.</msg>
<status status="PASS" starttime="20220407 17:29:13.113" endtime="20220407 17:29:13.244"/>
</kw>
<status status="PASS" starttime="20220407 17:29:12.829" endtime="20220407 17:29:13.245"/>
</kw>
<kw name="Sleep" library="BuiltIn">
<arg>5s</arg>
<doc>Pauses the test executed for the given time.</doc>
<msg timestamp="20220407 17:29:18.249" level="INFO">Slept 5 seconds</msg>
<status status="PASS" starttime="20220407 17:29:13.247" endtime="20220407 17:29:18.249"/>
</kw>
<doc>searching products on flipkart</doc>
<tag>flipkart</tag>
<status status="PASS" starttime="20220407 17:29:10.560" endtime="20220407 17:29:18.249"/>
</test>
<test id="s1-t3" name="Flipkart product selection" line="26">
<kw name="Click Element" library="SeleniumLibrary">
<arg>xpath=/html/body/div/div/div[3]/div[1]/div[2]/div[3]/div/div/div/a/div[2]/div[1]/div[1]</arg>
<doc>Click the element identified by ``locator``.</doc>
<msg timestamp="20220407 17:29:18.253" level="INFO">Clicking element 'xpath=/html/body/div/div/div[3]/div[1]/div[2]/div[3]/div/div/div/a/div[2]/div[1]/div[1]'.</msg>
<status status="PASS" starttime="20220407 17:29:18.252" endtime="20220407 17:29:18.433"/>
</kw>
<kw name="Sleep" library="BuiltIn">
<arg>5s</arg>
<doc>Pauses the test executed for the given time.</doc>
<msg timestamp="20220407 17:29:23.439" level="INFO">Slept 5 seconds</msg>
<status status="PASS" starttime="20220407 17:29:18.436" endtime="20220407 17:29:23.439"/>
</kw>
<doc>selecting product</doc>
<tag>flipkart</tag>
<status status="PASS" starttime="20220407 17:29:18.251" endtime="20220407 17:29:23.440"/>
</test>
<test id="s1-t4" name="Flipkart product buy" line="32">
<kw name="Switch Window" library="SeleniumLibrary">
<arg>title:APPLE iPhone 13 ( 128 GB GB Storage, 0 GB RAM ) Online at Best Price On Flipkart.com</arg>
<doc>Switches to browser window matching ``locator``.</doc>
<status status="PASS" starttime="20220407 17:29:23.443" endtime="20220407 17:29:23.754"/>
</kw>
<kw name="Click Button" library="SeleniumLibrary">
<arg>xpath=/html/body/div[1]/div/div[3]/div[1]/div[1]/div[2]/div/ul/li[2]/form/button</arg>
<doc>Clicks the button identified by ``locator``.</doc>
<msg timestamp="20220407 17:29:23.755" level="INFO">Clicking button 'xpath=/html/body/div[1]/div/div[3]/div[1]/div[1]/div[2]/div/ul/li[2]/form/button'.</msg>
<status status="PASS" starttime="20220407 17:29:23.755" endtime="20220407 17:29:23.857"/>
</kw>
<kw name="Sleep" library="BuiltIn">
<arg>2s</arg>
<doc>Pauses the test executed for the given time.</doc>
<msg timestamp="20220407 17:29:25.860" level="INFO">Slept 2 seconds</msg>
<status status="PASS" starttime="20220407 17:29:23.859" endtime="20220407 17:29:25.860"/>
</kw>
<doc>product purchase</doc>
<tag>flipkart</tag>
<status status="PASS" starttime="20220407 17:29:23.442" endtime="20220407 17:29:25.862"/>
</test>
<test id="s1-t5" name="Flipkart user login" line="40">
<kw name="Input Text" library="SeleniumLibrary">
<arg>class:_2IX_2-</arg>
<arg>tapan@gmail.com</arg>
<doc>Types the given ``text`` into the text field identified by ``locator``.</doc>
<msg timestamp="20220407 17:29:25.879" level="INFO">Typing text 'tapan@gmail.com' into text field 'class:_2IX_2-'.</msg>
<status status="PASS" starttime="20220407 17:29:25.878" endtime="20220407 17:29:26.034"/>
</kw>
<kw name="Click Button" library="SeleniumLibrary">
<arg>xpath=/html/body/div[1]/div/div[2]/div/div[1]/div[1]/div/div/div/div/div[1]/div/form/div[3]/button</arg>
<doc>Clicks the button identified by ``locator``.</doc>
<msg timestamp="20220407 17:29:26.035" level="INFO">Clicking button 'xpath=/html/body/div[1]/div/div[2]/div/div[1]/div[1]/div/div/div/div/div[1]/div/form/div[3]/button'.</msg>
<status status="PASS" starttime="20220407 17:29:26.035" endtime="20220407 17:29:26.123"/>
</kw>
<kw name="Sleep" library="BuiltIn">
<arg>5s</arg>
<doc>Pauses the test executed for the given time.</doc>
<msg timestamp="20220407 17:29:31.125" level="INFO">Slept 5 seconds</msg>
<status status="PASS" starttime="20220407 17:29:26.123" endtime="20220407 17:29:31.125"/>
</kw>
<kw name="stop test case">
<kw name="Close Browser" library="SeleniumLibrary">
<doc>Closes the current browser.</doc>
<status status="PASS" starttime="20220407 17:29:31.128" endtime="20220407 17:29:33.481"/>
</kw>
<status status="PASS" starttime="20220407 17:29:31.127" endtime="20220407 17:29:33.482"/>
</kw>
<doc>login</doc>
<tag>flipkart</tag>
<status status="PASS" starttime="20220407 17:29:25.872" endtime="20220407 17:29:33.483"/>
</test>
<status status="PASS" starttime="20220407 17:28:59.811" endtime="20220407 17:29:33.489"/>
</suite>
<statistics>
<total>
<stat pass="5" fail="0" skip="0">All Tests</stat>
</total>
<tag>
<stat pass="4" fail="0" skip="0">flipkart</stat>
<stat pass="1" fail="0" skip="0">google</stat>
</tag>
<suite>
<stat pass="5" fail="0" skip="0" id="s1" name="Shopping">Shopping</stat>
</suite>
</statistics>
<errors>
</errors>
</robot>
