<?xml version="1.0" encoding="UTF-8"?>
<robot generator="Robot 5.0 (Python 3.8.3 on win32)" generated="20220407 16:46:19.118" rpa="false" schemaversion="3">
<suite id="s1" name="Shopping" source="G:\RobobticFramework\Tests\Flipkart\FunctionalTestSuite\shopping.robot">
<test id="s1-t1" name="Google test case" line="9">
<kw name="start test case">
<kw name="Open Browser" library="SeleniumLibrary">
<arg>${url}</arg>
<arg>chrome</arg>
<doc>Opens a new browser instance to the optional ``url``.</doc>
<msg timestamp="20220407 16:46:19.416" level="INFO">Opening browser 'chrome' to base url 'https://www.google.com/'.</msg>
<status status="PASS" starttime="20220407 16:46:19.416" endtime="20220407 16:46:23.552"/>
</kw>
<kw name="Maximize Browser Window" library="SeleniumLibrary">
<doc>Maximizes current browser window.</doc>
<status status="PASS" starttime="20220407 16:46:23.553" endtime="20220407 16:46:23.682"/>
</kw>
<status status="PASS" starttime="20220407 16:46:19.415" endtime="20220407 16:46:23.683"/>
</kw>
<kw name="search data">
<kw name="Input Text" library="SeleniumLibrary">
<arg>name:q</arg>
<arg>${search_parameter}</arg>
<doc>Types the given ``text`` into the text field identified by ``locator``.</doc>
<msg timestamp="20220407 16:46:23.685" level="INFO">Typing text 'flipkart' into text field 'name:q'.</msg>
<status status="PASS" starttime="20220407 16:46:23.684" endtime="20220407 16:46:23.875"/>
</kw>
<status status="PASS" starttime="20220407 16:46:23.684" endtime="20220407 16:46:23.876"/>
</kw>
<kw name="Submit Form" library="SeleniumLibrary">
<doc>Submits a form identified by ``locator``.</doc>
<msg timestamp="20220407 16:46:23.877" level="INFO">Submitting form 'None'.</msg>
<status status="PASS" starttime="20220407 16:46:23.877" endtime="20220407 16:46:26.641"/>
</kw>
<kw name="Click Element" library="SeleniumLibrary">
<arg>class:LC20lb</arg>
<doc>Click the element identified by ``locator``.</doc>
<msg timestamp="20220407 16:46:26.643" level="INFO">Clicking element 'class:LC20lb'.</msg>
<status status="PASS" starttime="20220407 16:46:26.642" endtime="20220407 16:46:28.409"/>
</kw>
<doc>it is simple google search test</doc>
<tag>google</tag>
<status status="PASS" starttime="20220407 16:46:19.415" endtime="20220407 16:46:28.410"/>
</test>
<test id="s1-t2" name="Flipkart product search" line="17">
<kw name="Sleep" library="BuiltIn">
<arg>2s</arg>
<doc>Pauses the test executed for the given time.</doc>
<msg timestamp="20220407 16:46:30.419" level="INFO">Slept 2 seconds</msg>
<status status="PASS" starttime="20220407 16:46:28.417" endtime="20220407 16:46:30.419"/>
</kw>
<kw name="Click Button" library="SeleniumLibrary">
<arg>class:_2KpZ6l</arg>
<doc>Clicks the button identified by ``locator``.</doc>
<msg timestamp="20220407 16:46:30.420" level="INFO">Clicking button 'class:_2KpZ6l'.</msg>
<status status="PASS" starttime="20220407 16:46:30.419" endtime="20220407 16:46:30.641"/>
</kw>
<kw name="flipkart search">
<kw name="Input Text" library="SeleniumLibrary">
<arg>name:q</arg>
<arg>iphone13</arg>
<doc>Types the given ``text`` into the text field identified by ``locator``.</doc>
<msg timestamp="20220407 16:46:30.643" level="INFO">Typing text 'iphone13' into text field 'name:q'.</msg>
<status status="PASS" starttime="20220407 16:46:30.642" endtime="20220407 16:46:30.783"/>
</kw>
<kw name="Click Button" library="SeleniumLibrary">
<arg>class:L0Z3Pu</arg>
<doc>Clicks the button identified by ``locator``.</doc>
<msg timestamp="20220407 16:46:30.784" level="INFO">Clicking button 'class:L0Z3Pu'.</msg>
<status status="PASS" starttime="20220407 16:46:30.784" endtime="20220407 16:46:30.875"/>
</kw>
<status status="PASS" starttime="20220407 16:46:30.642" endtime="20220407 16:46:30.875"/>
</kw>
<kw name="Sleep" library="BuiltIn">
<arg>5s</arg>
<doc>Pauses the test executed for the given time.</doc>
<msg timestamp="20220407 16:46:35.877" level="INFO">Slept 5 seconds</msg>
<status status="PASS" starttime="20220407 16:46:30.876" endtime="20220407 16:46:35.877"/>
</kw>
<doc>searching products on flipkart</doc>
<tag>flipkart</tag>
<status status="PASS" starttime="20220407 16:46:28.413" endtime="20220407 16:46:35.878"/>
</test>
<test id="s1-t3" name="Flipkart product selection" line="26">
<kw name="Click Element" library="SeleniumLibrary">
<arg>xpath=/html/body/div/div/div[3]/div[1]/div[2]/div[4]/div/div/div/a/div[2]/div[1]/div[1]</arg>
<doc>Click the element identified by ``locator``.</doc>
<msg timestamp="20220407 16:46:35.883" level="INFO">Clicking element 'xpath=/html/body/div/div/div[3]/div[1]/div[2]/div[4]/div/div/div/a/div[2]/div[1]/div[1]'.</msg>
<status status="PASS" starttime="20220407 16:46:35.883" endtime="20220407 16:46:35.993"/>
</kw>
<kw name="Sleep" library="BuiltIn">
<arg>5s</arg>
<doc>Pauses the test executed for the given time.</doc>
<msg timestamp="20220407 16:46:40.995" level="INFO">Slept 5 seconds</msg>
<status status="PASS" starttime="20220407 16:46:35.993" endtime="20220407 16:46:40.995"/>
</kw>
<kw name="stop test case">
<kw name="Close Browser" library="SeleniumLibrary">
<doc>Closes the current browser.</doc>
<status status="PASS" starttime="20220407 16:46:40.999" endtime="20220407 16:46:43.216"/>
</kw>
<status status="PASS" starttime="20220407 16:46:40.997" endtime="20220407 16:46:43.217"/>
</kw>
<doc>selecting product</doc>
<tag>flipkart</tag>
<status status="PASS" starttime="20220407 16:46:35.881" endtime="20220407 16:46:43.218"/>
</test>
<status status="PASS" starttime="20220407 16:46:19.120" endtime="20220407 16:46:43.224"/>
</suite>
<statistics>
<total>
<stat pass="3" fail="0" skip="0">All Tests</stat>
</total>
<tag>
<stat pass="2" fail="0" skip="0">flipkart</stat>
<stat pass="1" fail="0" skip="0">google</stat>
</tag>
<suite>
<stat pass="3" fail="0" skip="0" id="s1" name="Shopping">Shopping</stat>
</suite>
</statistics>
<errors>
</errors>
</robot>
