<?xml version="1.0" encoding="UTF-8"?>
<robot generator="Robot 5.0 (Python 3.8.3 on win32)" generated="20220407 15:05:20.392" rpa="false" schemaversion="3">
<suite id="s1" name="Demo" source="G:\RobobticFramework\Tests\SampleApp\FunctionalTestSuite\Demo.robot">
<test id="s1-t1" name="login page test case" line="11">
<kw name="Log" library="BuiltIn">
<arg>hello</arg>
<doc>Logs the given message with the given level.</doc>
<msg timestamp="20220407 15:05:20.603" level="INFO">hello</msg>
<status status="PASS" starttime="20220407 15:05:20.603" endtime="20220407 15:05:20.603"/>
</kw>
<doc>login for user</doc>
<tag>user</tag>
<status status="PASS" starttime="20220407 15:05:20.602" endtime="20220407 15:05:20.603"/>
</test>
<test id="s1-t2" name="Registration page test case" line="17">
<kw name="Log" library="BuiltIn">
<arg>tapan</arg>
<doc>Logs the given message with the given level.</doc>
<msg timestamp="20220407 15:05:20.605" level="INFO">tapan</msg>
<status status="PASS" starttime="20220407 15:05:20.605" endtime="20220407 15:05:20.605"/>
</kw>
<doc>regiatration for user</doc>
<tag>user</tag>
<status status="PASS" starttime="20220407 15:05:20.604" endtime="20220407 15:05:20.606"/>
</test>
<test id="s1-t3" name="Dashboard test case" line="22">
<kw name="Log" library="BuiltIn">
<arg>sawant</arg>
<doc>Logs the given message with the given level.</doc>
<msg timestamp="20220407 15:05:20.607" level="INFO">sawant</msg>
<status status="PASS" starttime="20220407 15:05:20.607" endtime="20220407 15:05:20.607"/>
</kw>
<doc>dashboard for user</doc>
<status status="PASS" starttime="20220407 15:05:20.607" endtime="20220407 15:05:20.608"/>
</test>
<test id="s1-t4" name="Google test case" line="26">
<kw name="Open Browser" library="SeleniumLibrary">
<arg>${url}</arg>
<arg>chrome</arg>
<doc>Opens a new browser instance to the optional ``url``.</doc>
<msg timestamp="20220407 15:05:20.610" level="INFO">Opening browser 'chrome' to base url 'https://www.google.com/'.</msg>
<status status="PASS" starttime="20220407 15:05:20.609" endtime="20220407 15:05:23.361"/>
</kw>
<kw name="search data">
<kw name="Input Text" library="SeleniumLibrary">
<arg>name:q</arg>
<arg>${search_parameter}</arg>
<doc>Types the given ``text`` into the text field identified by ``locator``.</doc>
<msg timestamp="20220407 15:05:23.362" level="INFO">Typing text 'harman' into text field 'name:q'.</msg>
<status status="PASS" starttime="20220407 15:05:23.362" endtime="20220407 15:05:23.431"/>
</kw>
<status status="PASS" starttime="20220407 15:05:23.362" endtime="20220407 15:05:23.432"/>
</kw>
<kw name="Submit Form" library="SeleniumLibrary">
<doc>Submits a form identified by ``locator``.</doc>
<msg timestamp="20220407 15:05:23.432" level="INFO">Submitting form 'None'.</msg>
<status status="PASS" starttime="20220407 15:05:23.432" endtime="20220407 15:05:25.997"/>
</kw>
<kw name="Close Browser" library="SeleniumLibrary">
<doc>Closes the current browser.</doc>
<status status="PASS" starttime="20220407 15:05:25.998" endtime="20220407 15:05:28.109"/>
</kw>
<doc>it is simple google case</doc>
<status status="PASS" starttime="20220407 15:05:20.609" endtime="20220407 15:05:28.110"/>
</test>
<status status="PASS" starttime="20220407 15:05:20.394" endtime="20220407 15:05:28.111"/>
</suite>
<statistics>
<total>
<stat pass="4" fail="0" skip="0">All Tests</stat>
</total>
<tag>
<stat pass="2" fail="0" skip="0">user</stat>
</tag>
<suite>
<stat pass="4" fail="0" skip="0" id="s1" name="Demo">Demo</stat>
</suite>
</statistics>
<errors>
</errors>
</robot>
