<?xml version="1.0" encoding="UTF-8"?>
<robot generator="Robot 5.0 (Python 3.8.3 on win32)" generated="20220408 13:01:42.892" rpa="false" schemaversion="3">
<suite id="s1" name="Demo2" source="G:\RobobticFramework\Tests\SampleApp\FunctionalTestSuite\Demo2.robot">
<test id="s1-t1" name="Google test case" line="10">
<kw name="Open Browser" library="SeleniumLibrary">
<arg>${url}</arg>
<arg>chrome</arg>
<doc>Opens a new browser instance to the optional ``url``.</doc>
<msg timestamp="20220408 13:01:43.166" level="INFO">Opening browser 'chrome' to base url 'http://127.0.0.1:5000/'.</msg>
<status status="PASS" starttime="20220408 13:01:43.166" endtime="20220408 13:01:48.748"/>
</kw>
<kw name="Sleep" library="BuiltIn">
<arg>5s</arg>
<doc>Pauses the test executed for the given time.</doc>
<msg timestamp="20220408 13:01:53.750" level="INFO">Slept 5 seconds</msg>
<status status="PASS" starttime="20220408 13:01:48.748" endtime="20220408 13:01:53.750"/>
</kw>
<kw name="Close Browser" library="SeleniumLibrary">
<doc>Closes the current browser.</doc>
<status status="PASS" starttime="20220408 13:01:53.750" endtime="20220408 13:01:55.917"/>
</kw>
<doc>it is simple</doc>
<status status="PASS" starttime="20220408 13:01:43.165" endtime="20220408 13:01:55.918"/>
</test>
<status status="PASS" starttime="20220408 13:01:42.894" endtime="20220408 13:01:55.919"/>
</suite>
<statistics>
<total>
<stat pass="1" fail="0" skip="0">All Tests</stat>
</total>
<tag>
</tag>
<suite>
<stat pass="1" fail="0" skip="0" id="s1" name="Demo2">Demo2</stat>
</suite>
</statistics>
<errors>
</errors>
</robot>
