<?xml version="1.0" encoding="UTF-8"?>
<robot generator="Robot 5.0 (Python 3.8.3 on win32)" generated="20220408 14:50:16.896" rpa="false" schemaversion="3">
<suite id="s1" name="HMS" source="G:\RobobticFramework\Tests\HMS\FunctionalTestSuite\HMS.robot">
<test id="s1-t1" name="open browser test case" line="10">
<kw name="Open Browser" library="SeleniumLibrary">
<arg>${url}</arg>
<arg>chrome</arg>
<doc>Opens a new browser instance to the optional ``url``.</doc>
<msg timestamp="20220408 14:50:17.119" level="INFO">Opening browser 'chrome' to base url 'http://127.0.0.1:5000/'.</msg>
<status status="PASS" starttime="20220408 14:50:17.119" endtime="20220408 14:50:18.763"/>
</kw>
<kw name="Maximize Browser Window" library="SeleniumLibrary">
<doc>Maximizes current browser window.</doc>
<status status="PASS" starttime="20220408 14:50:18.764" endtime="20220408 14:50:18.878"/>
</kw>
<status status="PASS" starttime="20220408 14:50:17.118" endtime="20220408 14:50:18.879"/>
</test>
<test id="s1-t2" name="login admin test case" line="14">
<kw name="Input Text" library="SeleniumLibrary">
<arg>name:uname</arg>
<arg>admin</arg>
<doc>Types the given ``text`` into the text field identified by ``locator``.</doc>
<msg timestamp="20220408 14:50:18.882" level="INFO">Typing text 'admin' into text field 'name:uname'.</msg>
<status status="PASS" starttime="20220408 14:50:18.881" endtime="20220408 14:50:18.993"/>
</kw>
<kw name="Sleep" library="BuiltIn">
<arg>2s</arg>
<doc>Pauses the test executed for the given time.</doc>
<msg timestamp="20220408 14:50:20.995" level="INFO">Slept 2 seconds</msg>
<status status="PASS" starttime="20220408 14:50:18.994" endtime="20220408 14:50:20.995"/>
</kw>
<kw name="Input Text" library="SeleniumLibrary">
<arg>name:pswd</arg>
<arg>12345</arg>
<doc>Types the given ``text`` into the text field identified by ``locator``.</doc>
<msg timestamp="20220408 14:50:20.996" level="INFO">Typing text '12345' into text field 'name:pswd'.</msg>
<status status="PASS" starttime="20220408 14:50:20.995" endtime="20220408 14:50:21.075"/>
</kw>
<kw name="Sleep" library="BuiltIn">
<arg>2s</arg>
<doc>Pauses the test executed for the given time.</doc>
<msg timestamp="20220408 14:50:23.078" level="INFO">Slept 2 seconds</msg>
<status status="PASS" starttime="20220408 14:50:21.076" endtime="20220408 14:50:23.078"/>
</kw>
<kw name="Click Button" library="SeleniumLibrary">
<arg>xpath=/html/body/div/div/div/form/table/tbody/tr[3]/td[2]/button</arg>
<doc>Clicks the button identified by ``locator``.</doc>
<msg timestamp="20220408 14:50:23.078" level="INFO">Clicking button 'xpath=/html/body/div/div/div/form/table/tbody/tr[3]/td[2]/button'.</msg>
<status status="PASS" starttime="20220408 14:50:23.078" endtime="20220408 14:50:23.194"/>
</kw>
<doc>Login admin</doc>
<tag>BMS</tag>
<status status="PASS" starttime="20220408 14:50:18.880" endtime="20220408 14:50:23.195"/>
</test>
<test id="s1-t3" name="patient entry test case" line="23">
<kw name="Input Text" library="SeleniumLibrary">
<arg>name:name</arg>
<arg>xyz</arg>
<doc>Types the given ``text`` into the text field identified by ``locator``.</doc>
<msg timestamp="20220408 14:50:23.201" level="INFO">Typing text 'xyz' into text field 'name:name'.</msg>
<status status="PASS" starttime="20220408 14:50:23.200" endtime="20220408 14:50:23.289"/>
</kw>
<kw name="Sleep" library="BuiltIn">
<arg>2s</arg>
<doc>Pauses the test executed for the given time.</doc>
<msg timestamp="20220408 14:50:25.292" level="INFO">Slept 2 seconds</msg>
<status status="PASS" starttime="20220408 14:50:23.289" endtime="20220408 14:50:25.292"/>
</kw>
<kw name="Input Text" library="SeleniumLibrary">
<arg>name:mno</arg>
<arg>9766964947</arg>
<doc>Types the given ``text`` into the text field identified by ``locator``.</doc>
<msg timestamp="20220408 14:50:25.292" level="INFO">Typing text '9766964947' into text field 'name:mno'.</msg>
<status status="PASS" starttime="20220408 14:50:25.292" endtime="20220408 14:50:25.370"/>
</kw>
<kw name="Sleep" library="BuiltIn">
<arg>2s</arg>
<doc>Pauses the test executed for the given time.</doc>
<msg timestamp="20220408 14:50:27.372" level="INFO">Slept 2 seconds</msg>
<status status="PASS" starttime="20220408 14:50:25.371" endtime="20220408 14:50:27.372"/>
</kw>
<kw name="Input Text" library="SeleniumLibrary">
<arg>name:age</arg>
<arg>18</arg>
<doc>Types the given ``text`` into the text field identified by ``locator``.</doc>
<msg timestamp="20220408 14:50:27.373" level="INFO">Typing text '18' into text field 'name:age'.</msg>
<status status="PASS" starttime="20220408 14:50:27.372" endtime="20220408 14:50:27.455"/>
</kw>
<kw name="Sleep" library="BuiltIn">
<arg>2s</arg>
<doc>Pauses the test executed for the given time.</doc>
<msg timestamp="20220408 14:50:29.457" level="INFO">Slept 2 seconds</msg>
<status status="PASS" starttime="20220408 14:50:27.456" endtime="20220408 14:50:29.457"/>
</kw>
<kw name="Input Text" library="SeleniumLibrary">
<arg>name:address</arg>
<arg>nashik</arg>
<doc>Types the given ``text`` into the text field identified by ``locator``.</doc>
<msg timestamp="20220408 14:50:29.458" level="INFO">Typing text 'nashik' into text field 'name:address'.</msg>
<status status="PASS" starttime="20220408 14:50:29.457" endtime="20220408 14:50:29.523"/>
</kw>
<kw name="Sleep" library="BuiltIn">
<arg>2s</arg>
<doc>Pauses the test executed for the given time.</doc>
<msg timestamp="20220408 14:50:31.525" level="INFO">Slept 2 seconds</msg>
<status status="PASS" starttime="20220408 14:50:29.524" endtime="20220408 14:50:31.525"/>
</kw>
<kw name="Input Text" library="SeleniumLibrary">
<arg>name:dob</arg>
<arg>2/12/2000</arg>
<doc>Types the given ``text`` into the text field identified by ``locator``.</doc>
<msg timestamp="20220408 14:50:31.526" level="INFO">Typing text '2/12/2000' into text field 'name:dob'.</msg>
<status status="PASS" starttime="20220408 14:50:31.525" endtime="20220408 14:50:31.602"/>
</kw>
<kw name="Sleep" library="BuiltIn">
<arg>2s</arg>
<doc>Pauses the test executed for the given time.</doc>
<msg timestamp="20220408 14:50:33.604" level="INFO">Slept 2 seconds</msg>
<status status="PASS" starttime="20220408 14:50:31.603" endtime="20220408 14:50:33.604"/>
</kw>
<kw name="Input Text" library="SeleniumLibrary">
<arg>name:place</arg>
<arg>nashik</arg>
<doc>Types the given ``text`` into the text field identified by ``locator``.</doc>
<msg timestamp="20220408 14:50:33.605" level="INFO">Typing text 'nashik' into text field 'name:place'.</msg>
<status status="PASS" starttime="20220408 14:50:33.605" endtime="20220408 14:50:33.682"/>
</kw>
<kw name="Sleep" library="BuiltIn">
<arg>2s</arg>
<doc>Pauses the test executed for the given time.</doc>
<msg timestamp="20220408 14:50:35.684" level="INFO">Slept 2 seconds</msg>
<status status="PASS" starttime="20220408 14:50:33.682" endtime="20220408 14:50:35.684"/>
</kw>
<kw name="Input Text" library="SeleniumLibrary">
<arg>name:pincode</arg>
<arg>422012</arg>
<doc>Types the given ``text`` into the text field identified by ``locator``.</doc>
<msg timestamp="20220408 14:50:35.685" level="INFO">Typing text '422012' into text field 'name:pincode'.</msg>
<status status="PASS" starttime="20220408 14:50:35.685" endtime="20220408 14:50:35.764"/>
</kw>
<kw name="Sleep" library="BuiltIn">
<arg>2s</arg>
<doc>Pauses the test executed for the given time.</doc>
<msg timestamp="20220408 14:50:37.765" level="INFO">Slept 2 seconds</msg>
<status status="PASS" starttime="20220408 14:50:35.764" endtime="20220408 14:50:37.765"/>
</kw>
<kw name="Click Button" library="SeleniumLibrary">
<arg>xpath=/html/body/div/div/div/form/table/tbody/tr[8]/td[2]/button</arg>
<doc>Clicks the button identified by ``locator``.</doc>
<msg timestamp="20220408 14:50:37.766" level="INFO">Clicking button 'xpath=/html/body/div/div/div/form/table/tbody/tr[8]/td[2]/button'.</msg>
<status status="PASS" starttime="20220408 14:50:37.765" endtime="20220408 14:50:38.031"/>
</kw>
<status status="PASS" starttime="20220408 14:50:23.197" endtime="20220408 14:50:38.031"/>
</test>
<test id="s1-t4" name="search book test case" line="40">
<kw name="Click Element" library="SeleniumLibrary">
<arg>xpath=/html/body/nav/div/div/ul/li[4]/a</arg>
<doc>Click the element identified by ``locator``.</doc>
<msg timestamp="20220408 14:50:38.034" level="INFO">Clicking element 'xpath=/html/body/nav/div/div/ul/li[4]/a'.</msg>
<status status="PASS" starttime="20220408 14:50:38.034" endtime="20220408 14:50:38.096"/>
</kw>
<kw name="Input Text" library="SeleniumLibrary">
<arg>name:mno</arg>
<arg>98765432</arg>
<doc>Types the given ``text`` into the text field identified by ``locator``.</doc>
<msg timestamp="20220408 14:50:38.096" level="INFO">Typing text '98765432' into text field 'name:mno'.</msg>
<status status="PASS" starttime="20220408 14:50:38.096" endtime="20220408 14:50:38.178"/>
</kw>
<kw name="Sleep" library="BuiltIn">
<arg>2s</arg>
<doc>Pauses the test executed for the given time.</doc>
<msg timestamp="20220408 14:50:40.179" level="INFO">Slept 2 seconds</msg>
<status status="PASS" starttime="20220408 14:50:38.178" endtime="20220408 14:50:40.179"/>
</kw>
<kw name="Click Button" library="SeleniumLibrary">
<arg>xpath=/html/body/div/div[1]/div/form/table/tbody/tr[2]/td[2]/button</arg>
<doc>Clicks the button identified by ``locator``.</doc>
<msg timestamp="20220408 14:50:40.179" level="INFO">Clicking button 'xpath=/html/body/div/div[1]/div/form/table/tbody/tr[2]/td[2]/button'.</msg>
<status status="PASS" starttime="20220408 14:50:40.179" endtime="20220408 14:50:40.255"/>
</kw>
<kw name="Sleep" library="BuiltIn">
<arg>3s</arg>
<doc>Pauses the test executed for the given time.</doc>
<msg timestamp="20220408 14:50:43.258" level="INFO">Slept 3 seconds</msg>
<status status="PASS" starttime="20220408 14:50:40.256" endtime="20220408 14:50:43.258"/>
</kw>
<doc>Search Patient</doc>
<tag>HMS</tag>
<status status="PASS" starttime="20220408 14:50:38.033" endtime="20220408 14:50:43.259"/>
</test>
<test id="s1-t5" name="view all patients test case" line="50">
<kw name="Click Element" library="SeleniumLibrary">
<arg>xpath=/html/body/nav/div/div/ul/li[2]/a</arg>
<doc>Click the element identified by ``locator``.</doc>
<msg timestamp="20220408 14:50:43.262" level="INFO">Clicking element 'xpath=/html/body/nav/div/div/ul/li[2]/a'.</msg>
<status status="PASS" starttime="20220408 14:50:43.261" endtime="20220408 14:50:43.327"/>
</kw>
<kw name="Sleep" library="BuiltIn">
<arg>5s</arg>
<doc>Pauses the test executed for the given time.</doc>
<msg timestamp="20220408 14:50:48.330" level="INFO">Slept 5 seconds</msg>
<status status="PASS" starttime="20220408 14:50:43.327" endtime="20220408 14:50:48.330"/>
</kw>
<kw name="Close Browser" library="SeleniumLibrary">
<doc>Closes the current browser.</doc>
<status status="PASS" starttime="20220408 14:50:48.330" endtime="20220408 14:50:50.436"/>
</kw>
<status status="PASS" starttime="20220408 14:50:43.260" endtime="20220408 14:50:50.436"/>
</test>
<status status="PASS" starttime="20220408 14:50:16.897" endtime="20220408 14:50:50.438"/>
</suite>
<statistics>
<total>
<stat pass="5" fail="0" skip="0">All Tests</stat>
</total>
<tag>
<stat pass="1" fail="0" skip="0">BMS</stat>
<stat pass="1" fail="0" skip="0">HMS</stat>
</tag>
<suite>
<stat pass="5" fail="0" skip="0" id="s1" name="HMS">HMS</stat>
</suite>
</statistics>
<errors>
</errors>
</robot>
