<?xml version="1.0" encoding="UTF-8"?>
<robot generator="Robot 5.0 (Python 3.8.3 on win32)" generated="20220407 14:31:15.711" rpa="false" schemaversion="3">
<suite id="s1" name="Demo" source="G:\RobobticFramework\Tests\SampleApp\FunctionalTestSuite\Demo.robot">
<test id="s1-t1" name="login page test case" line="9">
<kw name="Log" library="BuiltIn">
<arg>hello</arg>
<doc>Logs the given message with the given level.</doc>
<msg timestamp="20220407 14:31:15.907" level="INFO">hello</msg>
<status status="PASS" starttime="20220407 14:31:15.907" endtime="20220407 14:31:15.907"/>
</kw>
<doc>login for user</doc>
<tag>user</tag>
<status status="PASS" starttime="20220407 14:31:15.906" endtime="20220407 14:31:15.908"/>
</test>
<test id="s1-t2" name="Registration page test case" line="15">
<kw name="Log" library="BuiltIn">
<arg>tapan</arg>
<doc>Logs the given message with the given level.</doc>
<msg timestamp="20220407 14:31:15.910" level="INFO">tapan</msg>
<status status="PASS" starttime="20220407 14:31:15.910" endtime="20220407 14:31:15.910"/>
</kw>
<doc>regiatration for user</doc>
<tag>user</tag>
<status status="PASS" starttime="20220407 14:31:15.909" endtime="20220407 14:31:15.910"/>
</test>
<test id="s1-t3" name="Dashboard test case" line="20">
<kw name="Log" library="BuiltIn">
<arg>sawant</arg>
<doc>Logs the given message with the given level.</doc>
<msg timestamp="20220407 14:31:15.912" level="INFO">sawant</msg>
<status status="PASS" starttime="20220407 14:31:15.912" endtime="20220407 14:31:15.912"/>
</kw>
<doc>dashboard for user</doc>
<status status="PASS" starttime="20220407 14:31:15.911" endtime="20220407 14:31:15.913"/>
</test>
<test id="s1-t4" name="Google test case" line="24">
<kw name="Open Browser" library="SeleniumLibrary">
<arg>https://www.google.com/</arg>
<arg>chrome</arg>
<doc>Opens a new browser instance to the optional ``url``.</doc>
<msg timestamp="20220407 14:31:15.915" level="INFO">Opening browser 'chrome' to base url 'https://www.google.com/'.</msg>
<status status="PASS" starttime="20220407 14:31:15.915" endtime="20220407 14:31:18.722"/>
</kw>
<kw name="Input Text" library="SeleniumLibrary">
<arg>name:q</arg>
<arg>harman</arg>
<doc>Types the given ``text`` into the text field identified by ``locator``.</doc>
<msg timestamp="20220407 14:31:18.723" level="INFO">Typing text 'harman' into text field 'name:q'.</msg>
<status status="PASS" starttime="20220407 14:31:18.722" endtime="20220407 14:31:18.791"/>
</kw>
<kw name="Submit Form" library="SeleniumLibrary">
<doc>Submits a form identified by ``locator``.</doc>
<msg timestamp="20220407 14:31:18.791" level="INFO">Submitting form 'None'.</msg>
<status status="PASS" starttime="20220407 14:31:18.791" endtime="20220407 14:31:21.809"/>
</kw>
<kw name="Close Browser" library="SeleniumLibrary">
<doc>Closes the current browser.</doc>
<status status="PASS" starttime="20220407 14:31:21.810" endtime="20220407 14:31:23.952"/>
</kw>
<doc>it is simple google case</doc>
<status status="PASS" starttime="20220407 14:31:15.914" endtime="20220407 14:31:23.953"/>
</test>
<status status="PASS" starttime="20220407 14:31:15.713" endtime="20220407 14:31:23.955"/>
</suite>
<statistics>
<total>
<stat pass="4" fail="0" skip="0">All Tests</stat>
</total>
<tag>
<stat pass="2" fail="0" skip="0">user</stat>
</tag>
<suite>
<stat pass="4" fail="0" skip="0" id="s1" name="Demo">Demo</stat>
</suite>
</statistics>
<errors>
</errors>
</robot>
